{
  "stats": {
    "suites": 1,
    "tests": 1,
    "passes": 0,
    "pending": 0,
    "failures": 1,
    "start": "2024-06-03T04:10:56.746Z",
    "end": "2024-06-03T04:11:46.008Z",
    "duration": 49262,
    "testsRegistered": 1,
    "passPercent": 0,
    "pendingPercent": 0,
    "other": 0,
    "hasOther": false,
    "skipped": 0,
    "hasSkipped": false
  },
  "results": [
    {
      "uuid": "f797f8ff-2ea3-4105-ad63-2c9ec500bcbe",
      "title": "",
      "fullFile": "cypress\\e2e\\sc01.cy.js",
      "file": "cypress\\e2e\\sc01.cy.js",
      "beforeHooks": [],
      "afterHooks": [],
      "tests": [],
      "suites": [
        {
          "uuid": "3e699d55-c1b6-4f03-8657-47601174c42c",
          "title": "As a quality manager, I want to ensure that the purchase functionality \n          on the website is working correctly to provide the best user experience.",
          "fullFile": "",
          "file": "",
          "beforeHooks": [],
          "afterHooks": [],
          "tests": [
            {
              "title": "Scenario 1",
              "fullTitle": "As a quality manager, I want to ensure that the purchase functionality \n          on the website is working correctly to provide the best user experience. Scenario 1",
              "timedOut": null,
              "duration": 14598,
              "state": "failed",
              "speed": null,
              "pass": false,
              "fail": true,
              "pending": false,
              "context": null,
              "code": "const firstProduct = {\n  search: 'shirt',\n  shirt: 'Proteus Fitness Jackshirt',\n  size: 'XL',\n  color: 'Orange',\n  shippingMethods: 'tablerate_bestway'\n};\nconst SecondProduct = {\n  search: 'shirt',\n  shirt: 'Gobi HeatTec® Tee',\n  size: 'XS',\n  color: 'Black',\n  shippingMethods: 'tablerate_bestway'\n};\nconst dataUser = {\n  firstName: _faker.faker.person.firstName(),\n  lastName: _faker.faker.person.lastName(),\n  email: _faker.faker.internet.email(),\n  password: _faker.faker.internet.password(),\n  streetAddress: _faker.faker.location.streetAddress(),\n  city: _faker.faker.location.city(),\n  state: _faker.faker.location.state(),\n  zip: _faker.faker.location.zipCode('#####'),\n  country: 'United States',\n  phone: _faker.faker.phone.number(\"(###) ###-####\")\n};\nconst review = {\n  summary: 'camisa de ótima qualidade',\n  review: 'A camisa é muito boa! Melhor compra'\n};\ncy.log('Acesso a página e verifico seu carregamento.');\ncy.visit('https://magento.softwaretestingboard.com/');\ncy.contains('Hot Sellers');\ncy.contains('Here is what`s trending on Luma right now');\ncy.log('Realizo o processo completo de cadastro no site.');\ncy.get(_newAccount.newAccount.header).contains('Create an Account').click();\ncy.get(_newAccount.newAccount.personalInformation.firstName).type(dataUser.firstName);\ncy.get(_newAccount.newAccount.personalInformation.lastName).type(dataUser.lastName);\ncy.get(_newAccount.newAccount.personalInformation.email).type(dataUser.email);\ncy.get(_newAccount.newAccount.personalInformation.password).type(dataUser.password);\ncy.get(_newAccount.newAccount.personalInformation.confirmationPassword).type(dataUser.password);\ncy.get(_newAccount.newAccount.buttons.CreateAccount).should('be.visible');\ncy.get(_newAccount.newAccount.buttons.CreateAccount).click();\ncy.log('Verifico se o cadastro foi feito com sucesso');\ncy.get(_newAccount.newAccount.message.messageSuccsess).should('be.visible');\ncy.log('Realizo a busca por um produto, verifico se a pagina foi carregada corretamente e o adiciono ao carrinho.');\ncy.get(_search.search.input.search).should('be.visible');\ncy.get(_search.search.input.search).type(`${firstProduct.search}{enter}`);\ncy.wait('@getSearch');\ncy.get(_search.search.body.pageTitle).should('contain', `Search results for: '${firstProduct.search}`);\ncy.contains(firstProduct.shirt).click();\ncy.get(_product.pageProduct.product.sizeXL).should('be.visible').click();\ncy.get(_product.pageProduct.product.sizeSelect).should('have.text', 'XL');\ncy.get(_product.pageProduct.product.colorOrange).should('be.visible').click();\ncy.get(_product.pageProduct.buttons.addToCart).should('be.visible').click();\ncy.log('Verifico se o produto 1 foi adicionado ao carrinho');\ncy.get(_search.search.body.tooltip).should('be.visible');\ncy.go('back');\ncy.log('Adiciono outro produto ao carrinho.');\ncy.contains(SecondProduct.shirt).click();\ncy.get(_product.pageProduct.product.sizeXS).should('be.visible').click();\ncy.get(_product.pageProduct.product.sizeSelect).should('have.text', 'XS');\ncy.get(_product.pageProduct.product.colorBlack).should('be.visible').click();\ncy.get(_product.pageProduct.buttons.addToCart).should('be.visible').click();\ncy.get(_search.search.body.tooltip).should('be.visible');\ncy.log('Verifico se o produto 2 foi adicionado ao carrinho');\ncy.get(_search.search.body.tooltip).should('be.visible');\ncy.contains('shopping cart').click();\ncy.log('Prossigo para o checkout e concluo a compra.');\ncy.wait('@getCheckout');\ncy.get(_checkout.checkout.body.item).should('contain', firstProduct.shirt, firstProduct.size, firstProduct.color);\ncy.get(_checkout.checkout.body.item).should('contain', SecondProduct.shirt, SecondProduct.size, SecondProduct.color);\ncy.contains('Proceed to Checkout').click({\n  force: true\n});\ncy.get(_checkout.checkout.input.streetAddress).should('be.visible').type(dataUser.streetAddress);\ncy.get(_checkout.checkout.input.city).should('be.visible').type(dataUser.city);\ncy.get(_checkout.checkout.input.state).should('be.visible').select(dataUser.state);\ncy.get(_checkout.checkout.input.zip).should('be.visible').type(dataUser.zip);\ncy.get(_checkout.checkout.input.country).should('be.visible').select(dataUser.country);\ncy.get(_checkout.checkout.input.phone).should('be.visible').type(dataUser.phone);\ncy.get(`input[type=\"radio\"][value=\"${firstProduct.shippingMethods}\"]`).check();\ncy.get(_checkout.checkout.buttons.next).should('be.visible').click();\ncy.get(_checkout.checkout.body.shippingCheckmo).check();\ncy.get(_checkout.checkout.payMethod.body).should('contain', dataUser.firstName);\ncy.get(_checkout.checkout.payMethod.body).should('contain', dataUser.lastName);\ncy.get(_checkout.checkout.payMethod.body).should('contain', dataUser.streetAddress);\ncy.get(_checkout.checkout.payMethod.body).should('contain', dataUser.city);\ncy.get(_checkout.checkout.payMethod.body).should('contain', dataUser.state);\ncy.get(_checkout.checkout.payMethod.body).should('contain', dataUser.country);\ncy.get(_checkout.checkout.payMethod.body).should('contain', dataUser.zip);\ncy.get(_checkout.checkout.buttons.placeOlder).should('be.visible');\ncy.get(_checkout.checkout.buttons.placeOlder).click();\ncy.get(_checkout.checkout.body.sucssesCheckout).contains('Thank you for your purchase!');\ncy.get(_search.search.input.search).should('be.visible');\ncy.get(_search.search.input.search).type(`${firstProduct.search}{enter}`);\ncy.wait('@getSearch');\ncy.contains(firstProduct.shirt).click();\ncy.get(_product.pageProduct.buttons.review).click();\ncy.get(_product.pageProduct.review.fiveStars).click({\n  force: true\n});\ncy.get(_product.pageProduct.review.nickname).type(dataUser.firstName);\ncy.get(_product.pageProduct.review.summary).type(review.summary);\ncy.get(_product.pageProduct.review.review).type(review.review);\ncy.get(_product.pageProduct.buttons.submit).click();\ncy.get(_product.pageProduct.tolltip.successMessage).should('be.visible');",
              "err": {
                "message": "TypeError: The following error originated from your application code, not from Cypress.\n\n  > $(...).AddFotoramaVideoEvents is not a function\n\nWhen Cypress detects uncaught errors originating from your application it will automatically fail the current test.\n\nThis behavior is configurable, and you can choose to turn this off by listening to the `uncaught:exception` event.\n\nhttps://on.cypress.io/uncaught-exception-from-application",
                "estack": "TypeError: The following error originated from your application code, not from Cypress.\n\n  > $(...).AddFotoramaVideoEvents is not a function\n\nWhen Cypress detects uncaught errors originating from your application it will automatically fail the current test.\n\nThis behavior is configurable, and you can choose to turn this off by listening to the `uncaught:exception` event.\n\nhttps://on.cypress.io/uncaught-exception-from-application\n    at $.<computed>.<computed>.updateBaseImage (https://magento.softwaretestingboard.com/pub/static/version1695896754/frontend/Magento/luma/en_US/Magento_Swatches/js/swatch-renderer.js:90:120)\n    at $.<computed>.<computed>.updateBaseImage (https://magento.softwaretestingboard.com/pub/static/version1695896754/frontend/Magento/luma/en_US/jquery/ui-modules/widget.js:14:334)\n    at $.<computed>.<computed>._loadMedia (https://magento.softwaretestingboard.com/pub/static/version1695896754/frontend/Magento/luma/en_US/Magento_Swatches/js/swatch-renderer.js:67:6)\n    at $.<computed>.<computed>._loadMedia (https://magento.softwaretestingboard.com/pub/static/version1695896754/frontend/Magento/luma/en_US/jquery/ui-modules/widget.js:14:334)\n    at $.<computed>.<computed>._OnClick (https://magento.softwaretestingboard.com/pub/static/version1695896754/frontend/Magento/luma/en_US/Magento_Swatches/js/swatch-renderer.js:71:253)\n    at $.<computed>.<computed>._OnClick (https://magento.softwaretestingboard.com/pub/static/version1695896754/frontend/Magento/luma/en_US/jquery/ui-modules/widget.js:14:334)\n    at HTMLDivElement.<anonymous> (https://magento.softwaretestingboard.com/pub/static/version1695896754/frontend/Magento/luma/en_US/Magento_Swatches/js/swatch-renderer.js:66:183)\n    at HTMLDivElement.dispatch (https://magento.softwaretestingboard.com/pub/static/version1695896754/frontend/Magento/luma/en_US/jquery.js:351:447)\n    at elemData.handle (https://magento.softwaretestingboard.com/pub/static/version1695896754/frontend/Magento/luma/en_US/jquery.js:324:172)",
                "diff": null
              },
              "uuid": "782e7dff-8bb5-4589-9cbd-eff29e395bd4",
              "parentUUID": "3e699d55-c1b6-4f03-8657-47601174c42c",
              "isHook": false,
              "skipped": false
            }
          ],
          "suites": [],
          "passes": [],
          "failures": [
            "782e7dff-8bb5-4589-9cbd-eff29e395bd4"
          ],
          "pending": [],
          "skipped": [],
          "duration": 14598,
          "root": false,
          "rootEmpty": false,
          "_timeout": 2000
        }
      ],
      "passes": [],
      "failures": [],
      "pending": [],
      "skipped": [],
      "duration": 0,
      "root": true,
      "rootEmpty": true,
      "_timeout": 2000
    }
  ],
  "meta": {
    "mocha": {
      "version": "7.0.1"
    },
    "mochawesome": {
      "options": {
        "quiet": false,
        "reportFilename": "mochawesome",
        "saveHtml": true,
        "saveJson": true,
        "consoleReporter": "spec",
        "useInlineDiffs": false,
        "code": true
      },
      "version": "7.1.3"
    },
    "marge": {
      "options": {
        "id": "default",
        "reportDir": "cypress/reports/mocha",
        "overwrite": false,
        "html": true,
        "json": true
      },
      "version": "6.2.0"
    }
  }
}